0 info it worked if it ends with ok
1 verbose cli [ '/Users/kabaros/.nvm/versions/node/v7.3.0/bin/node',
1 verbose cli   '/Users/kabaros/.nvm/versions/node/v7.3.0/bin/npm',
1 verbose cli   'run',
1 verbose cli   'build' ]
2 info using npm@3.10.10
3 info using node@v7.3.0
4 verbose run-script [ 'prebuild', 'build', 'postbuild' ]
5 info lifecycle syllabus@1.0.0~prebuild: syllabus@1.0.0
6 silly lifecycle syllabus@1.0.0~prebuild: no script for prebuild, continuing
7 info lifecycle syllabus@1.0.0~build: syllabus@1.0.0
8 verbose lifecycle syllabus@1.0.0~build: unsafe-perm in lifecycle true
9 verbose lifecycle syllabus@1.0.0~build: PATH: /Users/kabaros/.nvm/versions/node/v7.3.0/lib/node_modules/npm/bin/node-gyp-bin:/Users/kabaros/code/cyf/syllabus/node_modules/.bin:/Users/kabaros/.nvm/versions/node/v7.3.0/bin:/usr/local/bin:/usr/bin:/bin:/usr/sbin:/sbin:/Users/kabaros/Library/Android/sdk/tools:/Users/kabaros/Library/Android/sdk/platform-tools
10 verbose lifecycle syllabus@1.0.0~build: CWD: /Users/kabaros/code/cyf/syllabus
11 silly lifecycle syllabus@1.0.0~build: Args: [ '-c', 'gitbook build . /docs' ]
12 silly lifecycle syllabus@1.0.0~build: Returned: code: 1  signal: null
13 info lifecycle syllabus@1.0.0~build: Failed to exec build script
14 verbose stack Error: syllabus@1.0.0 build: `gitbook build . /docs`
14 verbose stack Exit status 1
14 verbose stack     at EventEmitter.<anonymous> (/Users/kabaros/.nvm/versions/node/v7.3.0/lib/node_modules/npm/lib/utils/lifecycle.js:255:16)
14 verbose stack     at emitTwo (events.js:106:13)
14 verbose stack     at EventEmitter.emit (events.js:191:7)
14 verbose stack     at ChildProcess.<anonymous> (/Users/kabaros/.nvm/versions/node/v7.3.0/lib/node_modules/npm/lib/utils/spawn.js:40:14)
14 verbose stack     at emitTwo (events.js:106:13)
14 verbose stack     at ChildProcess.emit (events.js:191:7)
14 verbose stack     at maybeClose (internal/child_process.js:885:16)
14 verbose stack     at Process.ChildProcess._handle.onexit (internal/child_process.js:226:5)
15 verbose pkgid syllabus@1.0.0
16 verbose cwd /Users/kabaros/code/cyf/syllabus
17 error Darwin 16.3.0
18 error argv "/Users/kabaros/.nvm/versions/node/v7.3.0/bin/node" "/Users/kabaros/.nvm/versions/node/v7.3.0/bin/npm" "run" "build"
19 error node v7.3.0
20 error npm  v3.10.10
21 error code ELIFECYCLE
22 error syllabus@1.0.0 build: `gitbook build . /docs`
22 error Exit status 1
23 error Failed at the syllabus@1.0.0 build script 'gitbook build . /docs'.
23 error Make sure you have the latest version of node.js and npm installed.
23 error If you do, this is most likely a problem with the syllabus package,
23 error not with npm itself.
23 error Tell the author that this fails on your system:
23 error     gitbook build . /docs
23 error You can get information on how to open an issue for this project with:
23 error     npm bugs syllabus
23 error Or if that isn't available, you can get their info via:
23 error     npm owner ls syllabus
23 error There is likely additional logging output above.
24 verbose exit [ 1, true ]
